<?xml version="1.0" encoding="UTF-8"?>
<testsuite xmlns:xsi="http://www.w3.org/2001/XMLSchema-instance" xsi:noNamespaceSchemaLocation="https://maven.apache.org/surefire/maven-surefire-plugin/xsd/surefire-test-report.xsd" version="3.0.2" name="com.Kaushik.AI.chat.AiChatApplicationTests" time="2.707" tests="1" errors="0" skipped="0" failures="0">
  <properties>
[...]
</properties>
  <testcase name="contextLoads" classname="com.Kaushik.AI.chat.AiChatApplicationTests" time="0.542">
    <system-out><![CDATA[19:13:39.351 [main] INFO org.springframework.test.context.support.AnnotationConfigContextLoaderUtils -- Could not detect default configuration classes for test class [com.Kaushik.AI.chat.AiChatApplicationTests]: AiChatApplicationTests does not declare any static, non-private, non-final, nested classes annotated with @Configuration.
19:13:39.465 [main] INFO org.springframework.boot.test.context.SpringBootTestContextBootstrapper -- Found @SpringBootConfiguration com.Kaushik.AI.chat.AiChatApplication for test class com.Kaushik.AI.chat.AiChatApplicationTests

  .   ____          _            __ _ _
 /\\ / ___'_ __ _ _(_)_ __  __ _ \ \ \ \
( ( )\___ | '_ | '_| | '_ \/ _` | \ \ \ \
 \\/  ___)| |_)| | | | | || (_| |  ) ) ) )
  '  |____| .__|_| |_|_| |_\__, | / / / /
 =========|_|==============|___/=/_/_/_/

 :: Spring Boot ::                (v3.5.3)

2025-07-06T19:13:39.837+05:30  INFO 11072 --- [AI-chat] [           main] c.K.AI.chat.AiChatApplicationTests       : Starting AiChatApplicationTests using Java 21.0.7 with PID 11072 (started by joshi in C:\Users\joshi\Downloads\AI-Chat-Bot)
2025-07-06T19:13:39.838+05:30  INFO 11072 --- [AI-chat] [           main] c.K.AI.chat.AiChatApplicationTests       : No active profile set, falling back to 1 default profile: "default"
2025-07-06T19:13:41.363+05:30  INFO 11072 --- [AI-chat] [           main] c.K.AI.chat.AiChatApplicationTests       : Started AiChatApplicationTests in 1.757 seconds (process running for 2.587)
]]></system-out>
    <system-err><![CDATA[Mockito is currently self-attaching to enable the inline-mock-maker. This will no longer work in future releases of the JDK. Please add Mockito as an agent to your build as described in Mockito's documentation: https://javadoc.io/doc/org.mockito/mockito-core/latest/org.mockito/org/mockito/Mockito.html#0.3
WARNING: A Java agent has been loaded dynamically (C:\Users\joshi\.m2\repository\net\bytebuddy\byte-buddy-agent\1.17.6\byte-buddy-agent-1.17.6.jar)
WARNING: If a serviceability tool is in use, please run with -XX:+EnableDynamicAgentLoading to hide this warning
WARNING: If a serviceability tool is not in use, please run with -Djdk.instrument.traceUsage for more information
WARNING: Dynamic loading of agents will be disallowed by default in a future release
]]></system-err>
  </testcase>
</testsuite>